This is the quality report of the file(s) ./ontology/FDCCOVIDProjectAdminVocabularies.ttl, generated by qSKOS on Mon, 8 Feb 2021 13:18:32 +0000

* Summary of Quality Issue Occurrences:
Empty Labels: OK (no potential problems found)
Omitted or Invalid Language Tags: OK (no potential problems found)
Incomplete Language Coverage: OK (no potential problems found)
Undocumented Concepts: FAIL (216)
No Common Languages: OK (no potential problems found)
Missing Labels: OK (no potential problems found)
Overlapping Labels: OK (no potential problems found)
Orphan Concepts: OK (no potential problems found)
Disconnected Concept Clusters: FAIL (3)
Cyclic Hierarchical Relations: OK (no potential problems found)
Valueless Associative Relations: OK (no potential problems found)
Solely Transitively Related Concepts: OK (no potential problems found)
Omitted Top Concepts: OK (no potential problems found)
Top Concepts Having Broader Concepts: OK (no potential problems found)
Hierarchical Redundancy: OK (no potential problems found)
Mapping Relations Misuse: OK (no potential problems found)
Reflexively Related Concepts: OK (no potential problems found)
Ambiguous Notation References: OK (no potential problems found)
Unprintable Characters in Labels: OK (no potential problems found)
Missing Out-Links: FAIL (230)
Undefined SKOS Resources: OK (no potential problems found)
Unidirectionally Related Concepts: OK (no potential problems found)
HTTP IRI Scheme Violation: OK (no potential problems found)
Relation Clashes: OK (no potential problems found)
Mapping Clashes: OK (no potential problems found)
Inconsistent Preferred Labels: OK (no potential problems found)
Disjoint Labels Violation: OK (no potential problems found)

* Detailed coverage of each Quality Issue:

--- Empty Labels
Description: Finds empty labels or labels containing only whitespaces
count: 0



--- Omitted or Invalid Language Tags
Description: Finds omitted or invalid language tags of text literals
Detailed information: https://github.com/cmader/qSKOS/wiki/Quality-Issues#omitted-or-invalid-language-tags
count: 0


--- Incomplete Language Coverage
Description: Finds concepts lacking description in languages that are present for other concepts
Detailed information: https://github.com/cmader/qSKOS/wiki/Quality-Issues#incomplete-language-coverage
count: 0


--- Undocumented Concepts
Description: Finds concepts that don't use any SKOS documentation properties
Detailed information: https://github.com/cmader/qSKOS/wiki/Quality-Issues#undocumented-concepts
count: 216
http://www.fair-data-collective.com/zonmw/projectadmin/Dataonclinicalsymptoms
http://www.fair-data-collective.com/zonmw/projectadmin/Flevoland
http://www.fair-data-collective.com/zonmw/projectadmin/Multiplemunicipalities
http://www.fair-data-collective.com/zonmw/projectadmin/BSL-2laboratoriesavailable
http://www.fair-data-collective.com/zonmw/projectadmin/Drenthe
http://www.fair-data-collective.com/zonmw/projectadmin/Palliative
http://www.fair-data-collective.com/zonmw/projectadmin/UniversityMedicalCenterGroningen
http://www.fair-data-collective.com/zonmw/projectadmin/Non-human
http://www.fair-data-collective.com/zonmw/projectadmin/Nasalswab
http://www.fair-data-collective.com/zonmw/projectadmin/Careandprevention
http://www.fair-data-collective.com/zonmw/projectadmin/Follow-up
http://www.fair-data-collective.com/zonmw/projectadmin/Healthcareinstitution
http://www.fair-data-collective.com/zonmw/projectadmin/10.000.000-100.000.000
http://www.fair-data-collective.com/zonmw/projectadmin/VirusSequencingFacility
http://www.fair-data-collective.com/zonmw/projectadmin/Faeces
http://www.fair-data-collective.com/zonmw/projectadmin/Clinicaltreatment
http://www.fair-data-collective.com/zonmw/projectadmin/Tissue-stainedsectionsDivslides
http://www.fair-data-collective.com/zonmw/projectadmin/Impactofmeasuresorstrategies
http://www.fair-data-collective.com/zonmw/projectadmin/Qualitycontrol
http://www.fair-data-collective.com/zonmw/projectadmin/Prospectivestudy
http://www.fair-data-collective.com/zonmw/projectadmin/Workingpeople
http://www.fair-data-collective.com/zonmw/projectadmin/Transmural
http://www.fair-data-collective.com/zonmw/projectadmin/TilburgUniversity
http://www.fair-data-collective.com/zonmw/projectadmin/Township
http://www.fair-data-collective.com/zonmw/projectadmin/HogeschoolLeiden-UniversityofAppliedSciencesLeiden
http://www.fair-data-collective.com/zonmw/projectadmin/SocialSupport
http://www.fair-data-collective.com/zonmw/projectadmin/UniversityofHumanisticStudies
http://www.fair-data-collective.com/zonmw/projectadmin/1.000.000-10.000.000
http://www.fair-data-collective.com/zonmw/projectadmin/Hospitalcare
http://www.fair-data-collective.com/zonmw/projectadmin/Sanquin
http://www.fair-data-collective.com/zonmw/projectadmin/Abilitytosetupclinicaltrials
http://www.fair-data-collective.com/zonmw/projectadmin/Regional
http://www.fair-data-collective.com/zonmw/projectadmin/microRNA
http://www.fair-data-collective.com/zonmw/projectadmin/EindhovenUniversityofTechnology
http://www.fair-data-collective.com/zonmw/projectadmin/GGDZuidHollandZuid
http://www.fair-data-collective.com/zonmw/projectadmin/Teenager-12-18years
http://www.fair-data-collective.com/zonmw/projectadmin/UtrechtUniversity
http://www.fair-data-collective.com/zonmw/projectadmin/Overijssel
http://www.fair-data-collective.com/zonmw/projectadmin/WholeBlood
http://www.fair-data-collective.com/zonmw/projectadmin/BuffyCoat
http://www.fair-data-collective.com/zonmw/projectadmin/AnimalTestingFacility
http://www.fair-data-collective.com/zonmw/projectadmin/Virus-immunity-immuneresponseandpathogenesis
http://www.fair-data-collective.com/zonmw/projectadmin/Youngadults18-21years
http://www.fair-data-collective.com/zonmw/projectadmin/Justice
http://www.fair-data-collective.com/zonmw/projectadmin/Nationalregistries
http://www.fair-data-collective.com/zonmw/projectadmin/RadboudUniversityNijmegenMedicalCentre
http://www.fair-data-collective.com/zonmw/projectadmin/Samplecollection
http://www.fair-data-collective.com/zonmw/projectadmin/Screeningtoolsforsearchingvirusproteasesinhibitors
http://www.fair-data-collective.com/zonmw/projectadmin/1000-10.000
http://www.fair-data-collective.com/zonmw/projectadmin/Experimentalgarden
http://www.fair-data-collective.com/zonmw/projectadmin/AmsterdamHealthandTechnologyInstitute-AHTI
http://www.fair-data-collective.com/zonmw/projectadmin/Palliativecare
http://www.fair-data-collective.com/zonmw/projectadmin/Diagnosticsofinfection
http://www.fair-data-collective.com/zonmw/projectadmin/Diseasespecific
http://www.fair-data-collective.com/zonmw/projectadmin/VUAmsterdam
http://www.fair-data-collective.com/zonmw/projectadmin/Plasma
http://www.fair-data-collective.com/zonmw/projectadmin/Biologicalsamples
http://www.fair-data-collective.com/zonmw/projectadmin/Aftercare
http://www.fair-data-collective.com/zonmw/projectadmin/Youngpeople-16-27years
http://www.fair-data-collective.com/zonmw/projectadmin/Measuringinstrument
http://www.fair-data-collective.com/zonmw/projectadmin/OtherStudyArea
http://www.fair-data-collective.com/zonmw/projectadmin/Friesland
http://www.fair-data-collective.com/zonmw/projectadmin/Peoplewithaspecificethnicbackground
http://www.fair-data-collective.com/zonmw/projectadmin/Noord-Brabant
http://www.fair-data-collective.com/zonmw/projectadmin/Proteomicsstudiesincludingproteinengineeringandproteininteractions
http://www.fair-data-collective.com/zonmw/projectadmin/Resilienceofsociety
http://www.fair-data-collective.com/zonmw/projectadmin/MaastrichtUniversityMedicalCentre
http://www.fair-data-collective.com/zonmw/projectadmin/WorkandIncome
http://www.fair-data-collective.com/zonmw/projectadmin/CTimagingoflungs-alternativelyXray
http://www.fair-data-collective.com/zonmw/projectadmin/Notavailable
http://www.fair-data-collective.com/zonmw/projectadmin/Serum
http://www.fair-data-collective.com/zonmw/projectadmin/Vulnerableelderly
http://www.fair-data-collective.com/zonmw/projectadmin/OtherTypesOfData
http://www.fair-data-collective.com/zonmw/projectadmin/OtherTypesOfMaterial
http://www.fair-data-collective.com/zonmw/projectadmin/OtherProvince
http://www.fair-data-collective.com/zonmw/projectadmin/100-1000
http://www.fair-data-collective.com/zonmw/projectadmin/Case-Control
http://www.fair-data-collective.com/zonmw/projectadmin/ErasmusUniversityRotterdam
http://www.fair-data-collective.com/zonmw/projectadmin/TNO-NetherlandsOrganisationforAppliedScientificResearch
http://www.fair-data-collective.com/zonmw/projectadmin/Cross-sectional
http://www.fair-data-collective.com/zonmw/projectadmin/Rural
http://www.fair-data-collective.com/zonmw/projectadmin/UniversityofTwente
http://www.fair-data-collective.com/zonmw/projectadmin/HogeschoolvanAmsterdam-AmsterdamUniversityofAppliedSciences
http://www.fair-data-collective.com/zonmw/projectadmin/Peoplewithachronicillness
http://www.fair-data-collective.com/zonmw/projectadmin/SaxionUniversityofAppliedSciences
http://www.fair-data-collective.com/zonmw/projectadmin/UniversityofGroningen
http://www.fair-data-collective.com/zonmw/projectadmin/Youth-healthcare
http://www.fair-data-collective.com/zonmw/projectadmin/Organisationofcareandprevention
http://www.fair-data-collective.com/zonmw/projectadmin/Education-schoolandupbringing
http://www.fair-data-collective.com/zonmw/projectadmin/Tissue-cryopreserved
http://www.fair-data-collective.com/zonmw/projectadmin/Groningen
http://www.fair-data-collective.com/zonmw/projectadmin/Primaryschoolchildren-4-12years
http://www.fair-data-collective.com/zonmw/projectadmin/Economicresilience
http://www.fair-data-collective.com/zonmw/projectadmin/Surveydata
http://www.fair-data-collective.com/zonmw/projectadmin/Care
http://www.fair-data-collective.com/zonmw/projectadmin/GGDAmsterdam-PublicHealthServiceofAmsterdam
http://www.fair-data-collective.com/zonmw/projectadmin/AntibodyDevelopment
http://www.fair-data-collective.com/zonmw/projectadmin/NetherlandsComprehensiveCancerOrganisation
http://www.fair-data-collective.com/zonmw/projectadmin/Treatmentprotocol-typesofdrugsused
http://www.fair-data-collective.com/zonmw/projectadmin/Utrecht
http://www.fair-data-collective.com/zonmw/projectadmin/Therapy
http://www.fair-data-collective.com/zonmw/projectadmin/Population-based
http://www.fair-data-collective.com/zonmw/projectadmin/Disabledcare
http://www.fair-data-collective.com/zonmw/projectadmin/Peoplewithamigrationbackground
http://www.fair-data-collective.com/zonmw/projectadmin/Adults-18-65years
http://www.fair-data-collective.com/zonmw/projectadmin/MemberCOVID-19Network
http://www.fair-data-collective.com/zonmw/projectadmin/DelftUniversityofTechnology
http://www.fair-data-collective.com/zonmw/projectadmin/Cohort
http://www.fair-data-collective.com/zonmw/projectadmin/NIVEL-NetherlandsInstituteforHealthServicesResearch
http://www.fair-data-collective.com/zonmw/projectadmin/Peoplewithalowsocio-economicstatus
http://www.fair-data-collective.com/zonmw/projectadmin/ErasmusMC
http://www.fair-data-collective.com/zonmw/projectadmin/100.000.000-1.000.000.000
http://www.fair-data-collective.com/zonmw/projectadmin/SportDivhealthDivwellness
http://www.fair-data-collective.com/zonmw/projectadmin/LaboratoriesdoingPCR-baseddiagnosis
http://www.fair-data-collective.com/zonmw/projectadmin/Animalfreeinnovations
http://www.fair-data-collective.com/zonmw/projectadmin/OtherCareProcessPhase
http://www.fair-data-collective.com/zonmw/projectadmin/OtherServices
http://www.fair-data-collective.com/zonmw/projectadmin/ErasmusCentrumvoorZorgbestuur
http://www.fair-data-collective.com/zonmw/projectadmin/Veiligheids-enGezondheidsregioGelderland-Midden
http://www.fair-data-collective.com/zonmw/projectadmin/Neighbourhood
http://www.fair-data-collective.com/zonmw/projectadmin/FederalUniversityofRiodeJaneiro
http://www.fair-data-collective.com/zonmw/projectadmin/Diagnosis
http://www.fair-data-collective.com/zonmw/projectadmin/Earlydetection-screening
http://www.fair-data-collective.com/zonmw/projectadmin/Predictivediagnosticsandtreatment
http://www.fair-data-collective.com/zonmw/projectadmin/Provincial
http://www.fair-data-collective.com/zonmw/projectadmin/VUUniversityMedicalCenter
http://www.fair-data-collective.com/zonmw/projectadmin/Imagingdata
http://www.fair-data-collective.com/zonmw/projectadmin/Men
http://www.fair-data-collective.com/zonmw/projectadmin/Peripheralbloodcells
http://www.fair-data-collective.com/zonmw/projectadmin/Pregnantwomen
http://www.fair-data-collective.com/zonmw/projectadmin/Longitudinal
http://www.fair-data-collective.com/zonmw/projectadmin/RNA
http://www.fair-data-collective.com/zonmw/projectadmin/Throatswab
http://www.fair-data-collective.com/zonmw/projectadmin/UniversityofAmsterdam
http://www.fair-data-collective.com/zonmw/projectadmin/Neonates
http://www.fair-data-collective.com/zonmw/projectadmin/PublicHealthServiceofAmsterdam
http://www.fair-data-collective.com/zonmw/projectadmin/PublicProcurementResearchCentre-PPRC
http://www.fair-data-collective.com/zonmw/projectadmin/Under10
http://www.fair-data-collective.com/zonmw/projectadmin/MaastrichtUniversity
http://www.fair-data-collective.com/zonmw/projectadmin/Organizationofcare
http://www.fair-data-collective.com/zonmw/projectadmin/Transmissionandepidemiology
http://www.fair-data-collective.com/zonmw/projectadmin/Youth
http://www.fair-data-collective.com/zonmw/projectadmin/Zeeland
http://www.fair-data-collective.com/zonmw/projectadmin/10.000-100.000
http://www.fair-data-collective.com/zonmw/projectadmin/Hospital
http://www.fair-data-collective.com/zonmw/projectadmin/Genealogicalrecords
http://www.fair-data-collective.com/zonmw/projectadmin/Tissue-paraffinpreserved
http://www.fair-data-collective.com/zonmw/projectadmin/LeidenUniversityMedicalCenter
http://www.fair-data-collective.com/zonmw/projectadmin/Twin-study
http://www.fair-data-collective.com/zonmw/projectadmin/Prevention
http://www.fair-data-collective.com/zonmw/projectadmin/UniversityMedicalCenterUtrecht
http://www.fair-data-collective.com/zonmw/projectadmin/Bloodcountandotherlabresultsespeciallyatthemomentofhospitaladmission
http://www.fair-data-collective.com/zonmw/projectadmin/Long-termmentalhealthcare
http://www.fair-data-collective.com/zonmw/projectadmin/Urine
http://www.fair-data-collective.com/zonmw/projectadmin/100.000-1.000.000
http://www.fair-data-collective.com/zonmw/projectadmin/SpaarneGasthuis-SpaarneZiekenhuis
http://www.fair-data-collective.com/zonmw/projectadmin/Peoplewithaphysicaldisability
http://www.fair-data-collective.com/zonmw/projectadmin/NetherlandsHeartInstitute
http://www.fair-data-collective.com/zonmw/projectadmin/ExpertisecentrumNederlands
http://www.fair-data-collective.com/zonmw/projectadmin/Peoplewithararecondition
http://www.fair-data-collective.com/zonmw/projectadmin/ZonMw-NetherlandsOrganisationforHealthResearchandDevelopment
http://www.fair-data-collective.com/zonmw/projectadmin/Homecare
http://www.fair-data-collective.com/zonmw/projectadmin/OtherTheme
http://www.fair-data-collective.com/zonmw/projectadmin/Women
http://www.fair-data-collective.com/zonmw/projectadmin/Effectsonsociety
http://www.fair-data-collective.com/zonmw/projectadmin/Gelderland
http://www.fair-data-collective.com/zonmw/projectadmin/OtherPopulation
http://www.fair-data-collective.com/zonmw/projectadmin/Socialdomain
http://www.fair-data-collective.com/zonmw/projectadmin/Otherinstitution
http://www.fair-data-collective.com/zonmw/projectadmin/IKNL-NetherlandsComprehensiveCancerOrganisation
http://www.fair-data-collective.com/zonmw/projectadmin/Antibodiestiter-IgMandIgG
http://www.fair-data-collective.com/zonmw/projectadmin/Medicalrecords
http://www.fair-data-collective.com/zonmw/projectadmin/Populationwide
http://www.fair-data-collective.com/zonmw/projectadmin/Zuid-Holland
http://www.fair-data-collective.com/zonmw/projectadmin/Pathogen
http://www.fair-data-collective.com/zonmw/projectadmin/ClientsandDivorpatientorganization
http://www.fair-data-collective.com/zonmw/projectadmin/Nursinghomecare
http://www.fair-data-collective.com/zonmw/projectadmin/Topathletes
http://www.fair-data-collective.com/zonmw/projectadmin/Elderlycare
http://www.fair-data-collective.com/zonmw/projectadmin/Second-linecare
http://www.fair-data-collective.com/zonmw/projectadmin/Treatment
http://www.fair-data-collective.com/zonmw/projectadmin/GOFAIRFoundation
http://www.fair-data-collective.com/zonmw/projectadmin/OtherSizeOfCollection
http://www.fair-data-collective.com/zonmw/projectadmin/10-100
http://www.fair-data-collective.com/zonmw/projectadmin/Celllines
http://www.fair-data-collective.com/zonmw/projectadmin/LeidenUniversity
http://www.fair-data-collective.com/zonmw/projectadmin/Dataondiseasedurationanddiseaseoutcome
http://www.fair-data-collective.com/zonmw/projectadmin/RadboudUniversityNijmegen
http://www.fair-data-collective.com/zonmw/projectadmin/Generalpractitionercare
http://www.fair-data-collective.com/zonmw/projectadmin/OtherTypeofCollection
http://www.fair-data-collective.com/zonmw/projectadmin/OtherSetting
http://www.fair-data-collective.com/zonmw/projectadmin/Information
http://www.fair-data-collective.com/zonmw/projectadmin/Rarediseasecollection
http://www.fair-data-collective.com/zonmw/projectadmin/Imagecollection
http://www.fair-data-collective.com/zonmw/projectadmin/Elderly-65plus
http://www.fair-data-collective.com/zonmw/projectadmin/NSCR-NetherlandsInstitutefortheStudyofCrimeandLawEnforcement
http://www.fair-data-collective.com/zonmw/projectadmin/RIVM-NationalInstituteforPublicHealthandtheEnvironment
http://www.fair-data-collective.com/zonmw/projectadmin/Saliva
http://www.fair-data-collective.com/zonmw/projectadmin/OtherFocusArea
http://www.fair-data-collective.com/zonmw/projectadmin/SEOEconomischOnderzoek
http://www.fair-data-collective.com/zonmw/projectadmin/AcademicMedicalCenter-AmsterdamUMC
http://www.fair-data-collective.com/zonmw/projectadmin/Mentallychallengedpeople
http://www.fair-data-collective.com/zonmw/projectadmin/Limburg
http://www.fair-data-collective.com/zonmw/projectadmin/Riskanalysisandprognostics
http://www.fair-data-collective.com/zonmw/projectadmin/BSL-3laboratoriesavailable
http://www.fair-data-collective.com/zonmw/projectadmin/Careandpreventionforvulnerablecitizens
http://www.fair-data-collective.com/zonmw/projectadmin/Birthcohort
http://www.fair-data-collective.com/zonmw/projectadmin/Primarycare
http://www.fair-data-collective.com/zonmw/projectadmin/Children-0-18years
http://www.fair-data-collective.com/zonmw/projectadmin/cDNADivmRNA
http://www.fair-data-collective.com/zonmw/projectadmin/WageningenUniversity-Research
http://www.fair-data-collective.com/zonmw/projectadmin/DNA
http://www.fair-data-collective.com/zonmw/projectadmin/Noord-Holland
http://www.fair-data-collective.com/zonmw/projectadmin/PhysiologicalDivBiochemicalmeasurements
http://www.fair-data-collective.com/zonmw/projectadmin/Cattle
http://www.fair-data-collective.com/zonmw/projectadmin/ReadeResearchBV

--- No Common Languages
Description: Checks for common languages in all concept literals
At least one common language for text literals of all concepts has been found
Common language(s) for all concepts: [en]

--- Missing Labels
Description: Finds concepts and conceptschemes with missing labels
Detailed information: https://github.com/cmader/qSKOS/wiki/Quality-Issues#missing-labels
count: 0


--- Overlapping Labels
Description: Finds concepts with similar (identical) labels
Detailed information: https://github.com/cmader/qSKOS/wiki/Quality-Issues#overlapping-labels
count: 0


--- Orphan Concepts
Description: Finds all orphan concepts, i.e. those not having semantic relationships to other concepts
Detailed information: https://github.com/cmader/qSKOS/wiki/Quality-Issues#orphan-concepts
count: 0


--- Disconnected Concept Clusters
Description: Finds sets of concepts that are isolated from the rest of the vocabulary
Detailed information: https://github.com/cmader/qSKOS/wiki/Quality-Issues#disconnected-concept-clusters
count: 3
Cluster 1, size: 167
Cluster 2, size: 49
Cluster 3, size: 14
Cluster 1, size: 167
	http://www.fair-data-collective.com/zonmw/projectadmin/Dataonclinicalsymptoms
	http://www.fair-data-collective.com/zonmw/projectadmin/Population-based
	http://www.fair-data-collective.com/zonmw/projectadmin/Disabledcare
	http://www.fair-data-collective.com/zonmw/projectadmin/Peoplewithamigrationbackground
	http://www.fair-data-collective.com/zonmw/projectadmin/Adults-18-65years
	http://www.fair-data-collective.com/zonmw/projectadmin/MemberCOVID-19Network
	http://www.fair-data-collective.com/zonmw/projectadmin/StudyArea
	http://www.fair-data-collective.com/zonmw/projectadmin/Multiplemunicipalities
	http://www.fair-data-collective.com/zonmw/projectadmin/BSL-2laboratoriesavailable
	http://www.fair-data-collective.com/zonmw/projectadmin/FocusArea
	http://www.fair-data-collective.com/zonmw/projectadmin/Palliative
	http://www.fair-data-collective.com/zonmw/projectadmin/Cohort
	http://www.fair-data-collective.com/zonmw/projectadmin/Non-human
	http://www.fair-data-collective.com/zonmw/projectadmin/Nasalswab
	http://www.fair-data-collective.com/zonmw/projectadmin/Peoplewithalowsocio-economicstatus
	http://www.fair-data-collective.com/zonmw/projectadmin/Careandprevention
	http://www.fair-data-collective.com/zonmw/projectadmin/Follow-up
	http://www.fair-data-collective.com/zonmw/projectadmin/Healthcareinstitution
	http://www.fair-data-collective.com/zonmw/projectadmin/100.000.000-1.000.000.000
	http://www.fair-data-collective.com/zonmw/projectadmin/10.000.000-100.000.000
	http://www.fair-data-collective.com/zonmw/projectadmin/SizeOfCollection
	http://www.fair-data-collective.com/zonmw/projectadmin/Setting
	http://www.fair-data-collective.com/zonmw/projectadmin/SportDivhealthDivwellness
	http://www.fair-data-collective.com/zonmw/projectadmin/LaboratoriesdoingPCR-baseddiagnosis
	http://www.fair-data-collective.com/zonmw/projectadmin/TypeOfMaterial
	http://www.fair-data-collective.com/zonmw/projectadmin/Animalfreeinnovations
	http://www.fair-data-collective.com/zonmw/projectadmin/OtherCareProcessPhase
	http://www.fair-data-collective.com/zonmw/projectadmin/OtherServices
	http://www.fair-data-collective.com/zonmw/projectadmin/Neighbourhood
	http://www.fair-data-collective.com/zonmw/projectadmin/Diagnosis
	http://www.fair-data-collective.com/zonmw/projectadmin/Earlydetection-screening
	http://www.fair-data-collective.com/zonmw/projectadmin/VirusSequencingFacility
	http://www.fair-data-collective.com/zonmw/projectadmin/Faeces
	http://www.fair-data-collective.com/zonmw/projectadmin/Predictivediagnosticsandtreatment
	http://www.fair-data-collective.com/zonmw/projectadmin/Clinicaltreatment
	http://www.fair-data-collective.com/zonmw/projectadmin/Tissue-stainedsectionsDivslides
	http://www.fair-data-collective.com/zonmw/projectadmin/Provincial
	http://www.fair-data-collective.com/zonmw/projectadmin/Impactofmeasuresorstrategies
	http://www.fair-data-collective.com/zonmw/projectadmin/Qualitycontrol
	http://www.fair-data-collective.com/zonmw/projectadmin/Imagingdata
	http://www.fair-data-collective.com/zonmw/projectadmin/Men
	http://www.fair-data-collective.com/zonmw/projectadmin/Prospectivestudy
	http://www.fair-data-collective.com/zonmw/projectadmin/Peripheralbloodcells
	http://www.fair-data-collective.com/zonmw/projectadmin/Pregnantwomen
	http://www.fair-data-collective.com/zonmw/projectadmin/CareProcessPhase
	http://www.fair-data-collective.com/zonmw/projectadmin/Longitudinal
	http://www.fair-data-collective.com/zonmw/projectadmin/Workingpeople
	http://www.fair-data-collective.com/zonmw/projectadmin/TypeOfCollection
	http://www.fair-data-collective.com/zonmw/projectadmin/Transmural
	http://www.fair-data-collective.com/zonmw/projectadmin/RNA
	http://www.fair-data-collective.com/zonmw/projectadmin/Throatswab
	http://www.fair-data-collective.com/zonmw/projectadmin/Township
	http://www.fair-data-collective.com/zonmw/projectadmin/Neonates
	http://www.fair-data-collective.com/zonmw/projectadmin/SocialSupport
	http://www.fair-data-collective.com/zonmw/projectadmin/Under10
	http://www.fair-data-collective.com/zonmw/projectadmin/Organizationofcare
	http://www.fair-data-collective.com/zonmw/projectadmin/Youth
	http://www.fair-data-collective.com/zonmw/projectadmin/Transmissionandepidemiology
	http://www.fair-data-collective.com/zonmw/projectadmin/1.000.000-10.000.000
	http://www.fair-data-collective.com/zonmw/projectadmin/TypeOfData
	http://www.fair-data-collective.com/zonmw/projectadmin/Hospitalcare
	http://www.fair-data-collective.com/zonmw/projectadmin/Abilitytosetupclinicaltrials
	http://www.fair-data-collective.com/zonmw/projectadmin/Regional
	http://www.fair-data-collective.com/zonmw/projectadmin/10.000-100.000
	http://www.fair-data-collective.com/zonmw/projectadmin/Hospital
	http://www.fair-data-collective.com/zonmw/projectadmin/microRNA
	http://www.fair-data-collective.com/zonmw/projectadmin/Genealogicalrecords
	http://www.fair-data-collective.com/zonmw/projectadmin/Tissue-paraffinpreserved
	http://www.fair-data-collective.com/zonmw/projectadmin/Teenager-12-18years
	http://www.fair-data-collective.com/zonmw/projectadmin/Twin-study
	http://www.fair-data-collective.com/zonmw/projectadmin/Prevention
	http://www.fair-data-collective.com/zonmw/projectadmin/WholeBlood
	http://www.fair-data-collective.com/zonmw/projectadmin/Bloodcountandotherlabresultsespeciallyatthemomentofhospitaladmission
	http://www.fair-data-collective.com/zonmw/projectadmin/BuffyCoat
	http://www.fair-data-collective.com/zonmw/projectadmin/AnimalTestingFacility
	http://www.fair-data-collective.com/zonmw/projectadmin/Long-termmentalhealthcare
	http://www.fair-data-collective.com/zonmw/projectadmin/Urine
	http://www.fair-data-collective.com/zonmw/projectadmin/100.000-1.000.000
	http://www.fair-data-collective.com/zonmw/projectadmin/Peoplewithaphysicaldisability
	http://www.fair-data-collective.com/zonmw/projectadmin/Deprecated
	http://www.fair-data-collective.com/zonmw/projectadmin/Virus-immunity-immuneresponseandpathogenesis
	http://www.fair-data-collective.com/zonmw/projectadmin/Theme
	http://www.fair-data-collective.com/zonmw/projectadmin/Peoplewithararecondition
	http://www.fair-data-collective.com/zonmw/projectadmin/Youngadults18-21years
	http://www.fair-data-collective.com/zonmw/projectadmin/Justice
	http://www.fair-data-collective.com/zonmw/projectadmin/Homecare
	http://www.fair-data-collective.com/zonmw/projectadmin/Nationalregistries
	http://www.fair-data-collective.com/zonmw/projectadmin/Women
	http://www.fair-data-collective.com/zonmw/projectadmin/OtherTheme
	http://www.fair-data-collective.com/zonmw/projectadmin/Screeningtoolsforsearchingvirusproteasesinhibitors
	http://www.fair-data-collective.com/zonmw/projectadmin/Samplecollection
	http://www.fair-data-collective.com/zonmw/projectadmin/1000-10.000
	http://www.fair-data-collective.com/zonmw/projectadmin/Experimentalgarden
	http://www.fair-data-collective.com/zonmw/projectadmin/Effectsonsociety
	http://www.fair-data-collective.com/zonmw/projectadmin/OtherPopulation
	http://www.fair-data-collective.com/zonmw/projectadmin/Socialdomain
	http://www.fair-data-collective.com/zonmw/projectadmin/Palliativecare
	http://www.fair-data-collective.com/zonmw/projectadmin/Diagnosticsofinfection
	http://www.fair-data-collective.com/zonmw/projectadmin/Antibodiestiter-IgMandIgG
	http://www.fair-data-collective.com/zonmw/projectadmin/Medicalrecords
	http://www.fair-data-collective.com/zonmw/projectadmin/Diseasespecific
	http://www.fair-data-collective.com/zonmw/projectadmin/Plasma
	http://www.fair-data-collective.com/zonmw/projectadmin/Populationwide
	http://www.fair-data-collective.com/zonmw/projectadmin/Biologicalsamples
	http://www.fair-data-collective.com/zonmw/projectadmin/Aftercare
	http://www.fair-data-collective.com/zonmw/projectadmin/Pathogen
	http://www.fair-data-collective.com/zonmw/projectadmin/Youngpeople-16-27years
	http://www.fair-data-collective.com/zonmw/projectadmin/ClientsandDivorpatientorganization
	http://www.fair-data-collective.com/zonmw/projectadmin/Measuringinstrument
	http://www.fair-data-collective.com/zonmw/projectadmin/OtherStudyArea
	http://www.fair-data-collective.com/zonmw/projectadmin/Topathletes
	http://www.fair-data-collective.com/zonmw/projectadmin/Nursinghomecare
	http://www.fair-data-collective.com/zonmw/projectadmin/Peoplewithaspecificethnicbackground
	http://www.fair-data-collective.com/zonmw/projectadmin/Elderlycare
	http://www.fair-data-collective.com/zonmw/projectadmin/Second-linecare
	http://www.fair-data-collective.com/zonmw/projectadmin/Treatment
	http://www.fair-data-collective.com/zonmw/projectadmin/Proteomicsstudiesincludingproteinengineeringandproteininteractions
	http://www.fair-data-collective.com/zonmw/projectadmin/Population
	http://www.fair-data-collective.com/zonmw/projectadmin/Resilienceofsociety
	http://www.fair-data-collective.com/zonmw/projectadmin/OtherSizeOfCollection
	http://www.fair-data-collective.com/zonmw/projectadmin/10-100
	http://www.fair-data-collective.com/zonmw/projectadmin/WorkandIncome
	http://www.fair-data-collective.com/zonmw/projectadmin/Celllines
	http://www.fair-data-collective.com/zonmw/projectadmin/CTimagingoflungs-alternativelyXray
	http://www.fair-data-collective.com/zonmw/projectadmin/Dataondiseasedurationanddiseaseoutcome
	http://www.fair-data-collective.com/zonmw/projectadmin/Notavailable
	http://www.fair-data-collective.com/zonmw/projectadmin/Vulnerableelderly
	http://www.fair-data-collective.com/zonmw/projectadmin/Serum
	http://www.fair-data-collective.com/zonmw/projectadmin/OtherTypesOfData
	http://www.fair-data-collective.com/zonmw/projectadmin/OtherTypesOfMaterial
	http://www.fair-data-collective.com/zonmw/projectadmin/Generalpractitionercare
	http://www.fair-data-collective.com/zonmw/projectadmin/100-1000
	http://www.fair-data-collective.com/zonmw/projectadmin/OtherTypeofCollection
	http://www.fair-data-collective.com/zonmw/projectadmin/Case-Control
	http://www.fair-data-collective.com/zonmw/projectadmin/OtherSetting
	http://www.fair-data-collective.com/zonmw/projectadmin/Information
	http://www.fair-data-collective.com/zonmw/projectadmin/Rarediseasecollection
	http://www.fair-data-collective.com/zonmw/projectadmin/Imagecollection
	http://www.fair-data-collective.com/zonmw/projectadmin/Elderly-65plus
	http://www.fair-data-collective.com/zonmw/projectadmin/Cross-sectional
	http://www.fair-data-collective.com/zonmw/projectadmin/Rural
	http://www.fair-data-collective.com/zonmw/projectadmin/Saliva
	http://www.fair-data-collective.com/zonmw/projectadmin/OtherFocusArea
	http://www.fair-data-collective.com/zonmw/projectadmin/Peoplewithachronicillness
	http://www.fair-data-collective.com/zonmw/projectadmin/Mentallychallengedpeople
	http://www.fair-data-collective.com/zonmw/projectadmin/Youth-healthcare
	http://www.fair-data-collective.com/zonmw/projectadmin/Organisationofcareandprevention
	http://www.fair-data-collective.com/zonmw/projectadmin/Riskanalysisandprognostics
	http://www.fair-data-collective.com/zonmw/projectadmin/Service
	http://www.fair-data-collective.com/zonmw/projectadmin/BSL-3laboratoriesavailable
	http://www.fair-data-collective.com/zonmw/projectadmin/Careandpreventionforvulnerablecitizens
	http://www.fair-data-collective.com/zonmw/projectadmin/Education-schoolandupbringing
	http://www.fair-data-collective.com/zonmw/projectadmin/Birthcohort
	http://www.fair-data-collective.com/zonmw/projectadmin/Primarycare
	http://www.fair-data-collective.com/zonmw/projectadmin/Tissue-cryopreserved
	http://www.fair-data-collective.com/zonmw/projectadmin/Children-0-18years
	http://www.fair-data-collective.com/zonmw/projectadmin/Primaryschoolchildren-4-12years
	http://www.fair-data-collective.com/zonmw/projectadmin/Economicresilience
	http://www.fair-data-collective.com/zonmw/projectadmin/Surveydata
	http://www.fair-data-collective.com/zonmw/projectadmin/cDNADivmRNA
	http://www.fair-data-collective.com/zonmw/projectadmin/Care
	http://www.fair-data-collective.com/zonmw/projectadmin/AntibodyDevelopment
	http://www.fair-data-collective.com/zonmw/projectadmin/Treatmentprotocol-typesofdrugsused
	http://www.fair-data-collective.com/zonmw/projectadmin/Therapy
	http://www.fair-data-collective.com/zonmw/projectadmin/PhysiologicalDivBiochemicalmeasurements
	http://www.fair-data-collective.com/zonmw/projectadmin/DNA
	http://www.fair-data-collective.com/zonmw/projectadmin/Cattle
Cluster 2, size: 49
	http://www.fair-data-collective.com/zonmw/projectadmin/ExpertisecentrumNederlands
	http://www.fair-data-collective.com/zonmw/projectadmin/ZonMw-NetherlandsOrganisationforHealthResearchandDevelopment
	http://www.fair-data-collective.com/zonmw/projectadmin/RadboudUniversityNijmegenMedicalCentre
	http://www.fair-data-collective.com/zonmw/projectadmin/DelftUniversityofTechnology
	http://www.fair-data-collective.com/zonmw/projectadmin/AmsterdamHealthandTechnologyInstitute-AHTI
	http://www.fair-data-collective.com/zonmw/projectadmin/UniversityMedicalCenterGroningen
	http://www.fair-data-collective.com/zonmw/projectadmin/NIVEL-NetherlandsInstituteforHealthServicesResearch
	http://www.fair-data-collective.com/zonmw/projectadmin/Otherinstitution
	http://www.fair-data-collective.com/zonmw/projectadmin/IKNL-NetherlandsComprehensiveCancerOrganisation
	http://www.fair-data-collective.com/zonmw/projectadmin/ErasmusMC
	http://www.fair-data-collective.com/zonmw/projectadmin/VUAmsterdam
	http://www.fair-data-collective.com/zonmw/projectadmin/ErasmusCentrumvoorZorgbestuur
	http://www.fair-data-collective.com/zonmw/projectadmin/Veiligheids-enGezondheidsregioGelderland-Midden
	http://www.fair-data-collective.com/zonmw/projectadmin/FederalUniversityofRiodeJaneiro
	http://www.fair-data-collective.com/zonmw/projectadmin/GOFAIRFoundation
	http://www.fair-data-collective.com/zonmw/projectadmin/VUUniversityMedicalCenter
	http://www.fair-data-collective.com/zonmw/projectadmin/MaastrichtUniversityMedicalCentre
	http://www.fair-data-collective.com/zonmw/projectadmin/LeidenUniversity
	http://www.fair-data-collective.com/zonmw/projectadmin/RadboudUniversityNijmegen
	http://www.fair-data-collective.com/zonmw/projectadmin/TilburgUniversity
	http://www.fair-data-collective.com/zonmw/projectadmin/UniversityofAmsterdam
	http://www.fair-data-collective.com/zonmw/projectadmin/HogeschoolLeiden-UniversityofAppliedSciencesLeiden
	http://www.fair-data-collective.com/zonmw/projectadmin/PublicHealthServiceofAmsterdam
	http://www.fair-data-collective.com/zonmw/projectadmin/PublicProcurementResearchCentre-PPRC
	http://www.fair-data-collective.com/zonmw/projectadmin/ErasmusUniversityRotterdam
	http://www.fair-data-collective.com/zonmw/projectadmin/TNO-NetherlandsOrganisationforAppliedScientificResearch
	http://www.fair-data-collective.com/zonmw/projectadmin/NSCR-NetherlandsInstitutefortheStudyofCrimeandLawEnforcement
	http://www.fair-data-collective.com/zonmw/projectadmin/RIVM-NationalInstituteforPublicHealthandtheEnvironment
	http://www.fair-data-collective.com/zonmw/projectadmin/UniversityofHumanisticStudies
	http://www.fair-data-collective.com/zonmw/projectadmin/UniversityofTwente
	http://www.fair-data-collective.com/zonmw/projectadmin/HogeschoolvanAmsterdam-AmsterdamUniversityofAppliedSciences
	http://www.fair-data-collective.com/zonmw/projectadmin/SEOEconomischOnderzoek
	http://www.fair-data-collective.com/zonmw/projectadmin/SaxionUniversityofAppliedSciences
	http://www.fair-data-collective.com/zonmw/projectadmin/AcademicMedicalCenter-AmsterdamUMC
	http://www.fair-data-collective.com/zonmw/projectadmin/MaastrichtUniversity
	http://www.fair-data-collective.com/zonmw/projectadmin/UniversityofGroningen
	http://www.fair-data-collective.com/zonmw/projectadmin/Sanquin
	http://www.fair-data-collective.com/zonmw/projectadmin/EindhovenUniversityofTechnology
	http://www.fair-data-collective.com/zonmw/projectadmin/GGDZuidHollandZuid
	http://www.fair-data-collective.com/zonmw/projectadmin/LeidenUniversityMedicalCenter
	http://www.fair-data-collective.com/zonmw/projectadmin/UtrechtUniversity
	http://www.fair-data-collective.com/zonmw/projectadmin/GGDAmsterdam-PublicHealthServiceofAmsterdam
	http://www.fair-data-collective.com/zonmw/projectadmin/WageningenUniversity-Research
	http://www.fair-data-collective.com/zonmw/projectadmin/UniversityMedicalCenterUtrecht
	http://www.fair-data-collective.com/zonmw/projectadmin/NetherlandsComprehensiveCancerOrganisation
	http://www.fair-data-collective.com/zonmw/projectadmin/SpaarneGasthuis-SpaarneZiekenhuis
	http://www.fair-data-collective.com/zonmw/projectadmin/Institution
	http://www.fair-data-collective.com/zonmw/projectadmin/ReadeResearchBV
	http://www.fair-data-collective.com/zonmw/projectadmin/NetherlandsHeartInstitute
Cluster 3, size: 14
	http://www.fair-data-collective.com/zonmw/projectadmin/Zeeland
	http://www.fair-data-collective.com/zonmw/projectadmin/Province
	http://www.fair-data-collective.com/zonmw/projectadmin/Zuid-Holland
	http://www.fair-data-collective.com/zonmw/projectadmin/Groningen
	http://www.fair-data-collective.com/zonmw/projectadmin/Flevoland
	http://www.fair-data-collective.com/zonmw/projectadmin/Friesland
	http://www.fair-data-collective.com/zonmw/projectadmin/OtherProvince
	http://www.fair-data-collective.com/zonmw/projectadmin/Drenthe
	http://www.fair-data-collective.com/zonmw/projectadmin/Gelderland
	http://www.fair-data-collective.com/zonmw/projectadmin/Noord-Brabant
	http://www.fair-data-collective.com/zonmw/projectadmin/Overijssel
	http://www.fair-data-collective.com/zonmw/projectadmin/Utrecht
	http://www.fair-data-collective.com/zonmw/projectadmin/Limburg
	http://www.fair-data-collective.com/zonmw/projectadmin/Noord-Holland

--- Cyclic Hierarchical Relations
Description: Finds concepts that are hierarchically related to each other
Detailed information: https://github.com/cmader/qSKOS/wiki/Quality-Issues#cyclic-hierarchical-relations
count: 0



--- Valueless Associative Relations
Description: Finds sibling concept pairs that are also connected by an associative relation
Detailed information: https://github.com/cmader/qSKOS/wiki/Quality-Issues#valueless-associative-relations
count: 0


--- Solely Transitively Related Concepts
Description: Concepts only related by skos:broaderTransitive or skos:narrowerTransitive
Detailed information: https://github.com/cmader/qSKOS/wiki/Quality-Issues#solely-transitively-related-concepts
count: 0


--- Omitted Top Concepts
Description: Finds skos:ConceptSchemes that don't have top concepts defined
Detailed information: https://github.com/cmader/qSKOS/wiki/Quality-Issues#omitted-top-concepts
count: 0


--- Top Concepts Having Broader Concepts
Description: Finds top concepts internal to the vocabulary hierarchy tree
Detailed information: https://github.com/cmader/qSKOS/wiki/Quality-Issues#top-concepts-having-broader-concepts
count: 0


--- Hierarchical Redundancy
Description: Finds broader/narrower relations over multiple hierarchy levels
Detailed information: https://github.com/cmader/qSKOS/wiki/Quality-Issues#hierarchical-redundancy
count: 0


--- Mapping Relations Misuse
Description: Finds concepts within the same concept scheme that are related by a mapping relation
Detailed information: https://github.com/cmader/qSKOS/wiki/Quality-Issues#mapping-relations-misuse
count: 0


--- Reflexively Related Concepts
Description: Finds concepts that are related to themselves
Detailed information: https://github.com/cmader/qSKOS/wiki/Quality-Issues#wiki-Reflexive_Relations
count: 0


--- Ambiguous Notation References
Description: Finds concepts with multiple or identical notations within the same concept scheme
Detailed information: https://github.com/cmader/qSKOS/wiki/Quality-Issues#Ambiguous_Notation_References
count: 0


--- Unprintable Characters in Labels
Description: Finds concepts having labels that contain unprintable characters
Detailed information: https://github.com/cmader/qSKOS/wiki/Quality-Issues#unprintable-characters-in-labels
count: 0


--- Missing Out-Links
Description: Finds concepts that are not linked to other vocabularies on the Web
Detailed information: https://github.com/cmader/qSKOS/wiki/Quality-Issues#missing-out-links
count: 230
http://www.fair-data-collective.com/zonmw/projectadmin/Dataonclinicalsymptoms
http://www.fair-data-collective.com/zonmw/projectadmin/StudyArea
http://www.fair-data-collective.com/zonmw/projectadmin/Flevoland
http://www.fair-data-collective.com/zonmw/projectadmin/Multiplemunicipalities
http://www.fair-data-collective.com/zonmw/projectadmin/BSL-2laboratoriesavailable
http://www.fair-data-collective.com/zonmw/projectadmin/Drenthe
http://www.fair-data-collective.com/zonmw/projectadmin/FocusArea
http://www.fair-data-collective.com/zonmw/projectadmin/Palliative
http://www.fair-data-collective.com/zonmw/projectadmin/UniversityMedicalCenterGroningen
http://www.fair-data-collective.com/zonmw/projectadmin/Non-human
http://www.fair-data-collective.com/zonmw/projectadmin/Nasalswab
http://www.fair-data-collective.com/zonmw/projectadmin/Careandprevention
http://www.fair-data-collective.com/zonmw/projectadmin/Follow-up
http://www.fair-data-collective.com/zonmw/projectadmin/Healthcareinstitution
http://www.fair-data-collective.com/zonmw/projectadmin/10.000.000-100.000.000
http://www.fair-data-collective.com/zonmw/projectadmin/TypeOfMaterial
http://www.fair-data-collective.com/zonmw/projectadmin/VirusSequencingFacility
http://www.fair-data-collective.com/zonmw/projectadmin/Faeces
http://www.fair-data-collective.com/zonmw/projectadmin/Clinicaltreatment
http://www.fair-data-collective.com/zonmw/projectadmin/Tissue-stainedsectionsDivslides
http://www.fair-data-collective.com/zonmw/projectadmin/Impactofmeasuresorstrategies
http://www.fair-data-collective.com/zonmw/projectadmin/Qualitycontrol
http://www.fair-data-collective.com/zonmw/projectadmin/Prospectivestudy
http://www.fair-data-collective.com/zonmw/projectadmin/CareProcessPhase
http://www.fair-data-collective.com/zonmw/projectadmin/Workingpeople
http://www.fair-data-collective.com/zonmw/projectadmin/TypeOfCollection
http://www.fair-data-collective.com/zonmw/projectadmin/Transmural
http://www.fair-data-collective.com/zonmw/projectadmin/TilburgUniversity
http://www.fair-data-collective.com/zonmw/projectadmin/Township
http://www.fair-data-collective.com/zonmw/projectadmin/HogeschoolLeiden-UniversityofAppliedSciencesLeiden
http://www.fair-data-collective.com/zonmw/projectadmin/SocialSupport
http://www.fair-data-collective.com/zonmw/projectadmin/UniversityofHumanisticStudies
http://www.fair-data-collective.com/zonmw/projectadmin/1.000.000-10.000.000
http://www.fair-data-collective.com/zonmw/projectadmin/Hospitalcare
http://www.fair-data-collective.com/zonmw/projectadmin/Sanquin
http://www.fair-data-collective.com/zonmw/projectadmin/TypeOfData
http://www.fair-data-collective.com/zonmw/projectadmin/Abilitytosetupclinicaltrials
http://www.fair-data-collective.com/zonmw/projectadmin/Regional
http://www.fair-data-collective.com/zonmw/projectadmin/microRNA
http://www.fair-data-collective.com/zonmw/projectadmin/EindhovenUniversityofTechnology
http://www.fair-data-collective.com/zonmw/projectadmin/GGDZuidHollandZuid
http://www.fair-data-collective.com/zonmw/projectadmin/Teenager-12-18years
http://www.fair-data-collective.com/zonmw/projectadmin/UtrechtUniversity
http://www.fair-data-collective.com/zonmw/projectadmin/Overijssel
http://www.fair-data-collective.com/zonmw/projectadmin/WholeBlood
http://www.fair-data-collective.com/zonmw/projectadmin/BuffyCoat
http://www.fair-data-collective.com/zonmw/projectadmin/AnimalTestingFacility
http://www.fair-data-collective.com/zonmw/projectadmin/Deprecated
http://www.fair-data-collective.com/zonmw/projectadmin/Virus-immunity-immuneresponseandpathogenesis
http://www.fair-data-collective.com/zonmw/projectadmin/Youngadults18-21years
http://www.fair-data-collective.com/zonmw/projectadmin/Justice
http://www.fair-data-collective.com/zonmw/projectadmin/Nationalregistries
http://www.fair-data-collective.com/zonmw/projectadmin/RadboudUniversityNijmegenMedicalCentre
http://www.fair-data-collective.com/zonmw/projectadmin/Samplecollection
http://www.fair-data-collective.com/zonmw/projectadmin/Screeningtoolsforsearchingvirusproteasesinhibitors
http://www.fair-data-collective.com/zonmw/projectadmin/1000-10.000
http://www.fair-data-collective.com/zonmw/projectadmin/Experimentalgarden
http://www.fair-data-collective.com/zonmw/projectadmin/AmsterdamHealthandTechnologyInstitute-AHTI
http://www.fair-data-collective.com/zonmw/projectadmin/Palliativecare
http://www.fair-data-collective.com/zonmw/projectadmin/Diagnosticsofinfection
http://www.fair-data-collective.com/zonmw/projectadmin/Diseasespecific
http://www.fair-data-collective.com/zonmw/projectadmin/VUAmsterdam
http://www.fair-data-collective.com/zonmw/projectadmin/Plasma
http://www.fair-data-collective.com/zonmw/projectadmin/Biologicalsamples
http://www.fair-data-collective.com/zonmw/projectadmin/Aftercare
http://www.fair-data-collective.com/zonmw/projectadmin/Youngpeople-16-27years
http://www.fair-data-collective.com/zonmw/projectadmin/Measuringinstrument
http://www.fair-data-collective.com/zonmw/projectadmin/OtherStudyArea
http://www.fair-data-collective.com/zonmw/projectadmin/Friesland
http://www.fair-data-collective.com/zonmw/projectadmin/Peoplewithaspecificethnicbackground
http://www.fair-data-collective.com/zonmw/projectadmin/Noord-Brabant
http://www.fair-data-collective.com/zonmw/projectadmin/Proteomicsstudiesincludingproteinengineeringandproteininteractions
http://www.fair-data-collective.com/zonmw/projectadmin/Resilienceofsociety
http://www.fair-data-collective.com/zonmw/projectadmin/MaastrichtUniversityMedicalCentre
http://www.fair-data-collective.com/zonmw/projectadmin/WorkandIncome
http://www.fair-data-collective.com/zonmw/projectadmin/CTimagingoflungs-alternativelyXray
http://www.fair-data-collective.com/zonmw/projectadmin/Notavailable
http://www.fair-data-collective.com/zonmw/projectadmin/Serum
http://www.fair-data-collective.com/zonmw/projectadmin/Vulnerableelderly
http://www.fair-data-collective.com/zonmw/projectadmin/OtherTypesOfData
http://www.fair-data-collective.com/zonmw/projectadmin/OtherTypesOfMaterial
http://www.fair-data-collective.com/zonmw/projectadmin/OtherProvince
http://www.fair-data-collective.com/zonmw/projectadmin/100-1000
http://www.fair-data-collective.com/zonmw/projectadmin/Case-Control
http://www.fair-data-collective.com/zonmw/projectadmin/ErasmusUniversityRotterdam
http://www.fair-data-collective.com/zonmw/projectadmin/TNO-NetherlandsOrganisationforAppliedScientificResearch
http://www.fair-data-collective.com/zonmw/projectadmin/Cross-sectional
http://www.fair-data-collective.com/zonmw/projectadmin/Rural
http://www.fair-data-collective.com/zonmw/projectadmin/UniversityofTwente
http://www.fair-data-collective.com/zonmw/projectadmin/HogeschoolvanAmsterdam-AmsterdamUniversityofAppliedSciences
http://www.fair-data-collective.com/zonmw/projectadmin/Peoplewithachronicillness
http://www.fair-data-collective.com/zonmw/projectadmin/SaxionUniversityofAppliedSciences
http://www.fair-data-collective.com/zonmw/projectadmin/UniversityofGroningen
http://www.fair-data-collective.com/zonmw/projectadmin/Youth-healthcare
http://www.fair-data-collective.com/zonmw/projectadmin/Organisationofcareandprevention
http://www.fair-data-collective.com/zonmw/projectadmin/Education-schoolandupbringing
http://www.fair-data-collective.com/zonmw/projectadmin/Tissue-cryopreserved
http://www.fair-data-collective.com/zonmw/projectadmin/Groningen
http://www.fair-data-collective.com/zonmw/projectadmin/Primaryschoolchildren-4-12years
http://www.fair-data-collective.com/zonmw/projectadmin/Economicresilience
http://www.fair-data-collective.com/zonmw/projectadmin/Surveydata
http://www.fair-data-collective.com/zonmw/projectadmin/Care
http://www.fair-data-collective.com/zonmw/projectadmin/GGDAmsterdam-PublicHealthServiceofAmsterdam
http://www.fair-data-collective.com/zonmw/projectadmin/AntibodyDevelopment
http://www.fair-data-collective.com/zonmw/projectadmin/NetherlandsComprehensiveCancerOrganisation
http://www.fair-data-collective.com/zonmw/projectadmin/Treatmentprotocol-typesofdrugsused
http://www.fair-data-collective.com/zonmw/projectadmin/Utrecht
http://www.fair-data-collective.com/zonmw/projectadmin/Therapy
http://www.fair-data-collective.com/zonmw/projectadmin/Population-based
http://www.fair-data-collective.com/zonmw/projectadmin/Disabledcare
http://www.fair-data-collective.com/zonmw/projectadmin/Peoplewithamigrationbackground
http://www.fair-data-collective.com/zonmw/projectadmin/Adults-18-65years
http://www.fair-data-collective.com/zonmw/projectadmin/MemberCOVID-19Network
http://www.fair-data-collective.com/zonmw/projectadmin/DelftUniversityofTechnology
http://www.fair-data-collective.com/zonmw/projectadmin/Cohort
http://www.fair-data-collective.com/zonmw/projectadmin/NIVEL-NetherlandsInstituteforHealthServicesResearch
http://www.fair-data-collective.com/zonmw/projectadmin/Peoplewithalowsocio-economicstatus
http://www.fair-data-collective.com/zonmw/projectadmin/ErasmusMC
http://www.fair-data-collective.com/zonmw/projectadmin/100.000.000-1.000.000.000
http://www.fair-data-collective.com/zonmw/projectadmin/SizeOfCollection
http://www.fair-data-collective.com/zonmw/projectadmin/Setting
http://www.fair-data-collective.com/zonmw/projectadmin/Province
http://www.fair-data-collective.com/zonmw/projectadmin/SportDivhealthDivwellness
http://www.fair-data-collective.com/zonmw/projectadmin/LaboratoriesdoingPCR-baseddiagnosis
http://www.fair-data-collective.com/zonmw/projectadmin/Animalfreeinnovations
http://www.fair-data-collective.com/zonmw/projectadmin/OtherCareProcessPhase
http://www.fair-data-collective.com/zonmw/projectadmin/OtherServices
http://www.fair-data-collective.com/zonmw/projectadmin/ErasmusCentrumvoorZorgbestuur
http://www.fair-data-collective.com/zonmw/projectadmin/Veiligheids-enGezondheidsregioGelderland-Midden
http://www.fair-data-collective.com/zonmw/projectadmin/Neighbourhood
http://www.fair-data-collective.com/zonmw/projectadmin/FederalUniversityofRiodeJaneiro
http://www.fair-data-collective.com/zonmw/projectadmin/Diagnosis
http://www.fair-data-collective.com/zonmw/projectadmin/Earlydetection-screening
http://www.fair-data-collective.com/zonmw/projectadmin/Predictivediagnosticsandtreatment
http://www.fair-data-collective.com/zonmw/projectadmin/Provincial
http://www.fair-data-collective.com/zonmw/projectadmin/VUUniversityMedicalCenter
http://www.fair-data-collective.com/zonmw/projectadmin/Imagingdata
http://www.fair-data-collective.com/zonmw/projectadmin/Men
http://www.fair-data-collective.com/zonmw/projectadmin/Peripheralbloodcells
http://www.fair-data-collective.com/zonmw/projectadmin/Pregnantwomen
http://www.fair-data-collective.com/zonmw/projectadmin/Longitudinal
http://www.fair-data-collective.com/zonmw/projectadmin/RNA
http://www.fair-data-collective.com/zonmw/projectadmin/Throatswab
http://www.fair-data-collective.com/zonmw/projectadmin/UniversityofAmsterdam
http://www.fair-data-collective.com/zonmw/projectadmin/Neonates
http://www.fair-data-collective.com/zonmw/projectadmin/PublicHealthServiceofAmsterdam
http://www.fair-data-collective.com/zonmw/projectadmin/PublicProcurementResearchCentre-PPRC
http://www.fair-data-collective.com/zonmw/projectadmin/Under10
http://www.fair-data-collective.com/zonmw/projectadmin/MaastrichtUniversity
http://www.fair-data-collective.com/zonmw/projectadmin/Organizationofcare
http://www.fair-data-collective.com/zonmw/projectadmin/Transmissionandepidemiology
http://www.fair-data-collective.com/zonmw/projectadmin/Youth
http://www.fair-data-collective.com/zonmw/projectadmin/Zeeland
http://www.fair-data-collective.com/zonmw/projectadmin/10.000-100.000
http://www.fair-data-collective.com/zonmw/projectadmin/Hospital
http://www.fair-data-collective.com/zonmw/projectadmin/Genealogicalrecords
http://www.fair-data-collective.com/zonmw/projectadmin/Tissue-paraffinpreserved
http://www.fair-data-collective.com/zonmw/projectadmin/LeidenUniversityMedicalCenter
http://www.fair-data-collective.com/zonmw/projectadmin/Twin-study
http://www.fair-data-collective.com/zonmw/projectadmin/Prevention
http://www.fair-data-collective.com/zonmw/projectadmin/UniversityMedicalCenterUtrecht
http://www.fair-data-collective.com/zonmw/projectadmin/Bloodcountandotherlabresultsespeciallyatthemomentofhospitaladmission
http://www.fair-data-collective.com/zonmw/projectadmin/Long-termmentalhealthcare
http://www.fair-data-collective.com/zonmw/projectadmin/Urine
http://www.fair-data-collective.com/zonmw/projectadmin/100.000-1.000.000
http://www.fair-data-collective.com/zonmw/projectadmin/SpaarneGasthuis-SpaarneZiekenhuis
http://www.fair-data-collective.com/zonmw/projectadmin/Peoplewithaphysicaldisability
http://www.fair-data-collective.com/zonmw/projectadmin/Institution
http://www.fair-data-collective.com/zonmw/projectadmin/NetherlandsHeartInstitute
http://www.fair-data-collective.com/zonmw/projectadmin/ExpertisecentrumNederlands
http://www.fair-data-collective.com/zonmw/projectadmin/Peoplewithararecondition
http://www.fair-data-collective.com/zonmw/projectadmin/Theme
http://www.fair-data-collective.com/zonmw/projectadmin/ZonMw-NetherlandsOrganisationforHealthResearchandDevelopment
http://www.fair-data-collective.com/zonmw/projectadmin/Homecare
http://www.fair-data-collective.com/zonmw/projectadmin/OtherTheme
http://www.fair-data-collective.com/zonmw/projectadmin/Women
http://www.fair-data-collective.com/zonmw/projectadmin/Effectsonsociety
http://www.fair-data-collective.com/zonmw/projectadmin/Gelderland
http://www.fair-data-collective.com/zonmw/projectadmin/OtherPopulation
http://www.fair-data-collective.com/zonmw/projectadmin/Socialdomain
http://www.fair-data-collective.com/zonmw/projectadmin/Otherinstitution
http://www.fair-data-collective.com/zonmw/projectadmin/IKNL-NetherlandsComprehensiveCancerOrganisation
http://www.fair-data-collective.com/zonmw/projectadmin/Antibodiestiter-IgMandIgG
http://www.fair-data-collective.com/zonmw/projectadmin/Medicalrecords
http://www.fair-data-collective.com/zonmw/projectadmin/Populationwide
http://www.fair-data-collective.com/zonmw/projectadmin/Zuid-Holland
http://www.fair-data-collective.com/zonmw/projectadmin/Pathogen
http://www.fair-data-collective.com/zonmw/projectadmin/ClientsandDivorpatientorganization
http://www.fair-data-collective.com/zonmw/projectadmin/Nursinghomecare
http://www.fair-data-collective.com/zonmw/projectadmin/Topathletes
http://www.fair-data-collective.com/zonmw/projectadmin/Elderlycare
http://www.fair-data-collective.com/zonmw/projectadmin/Second-linecare
http://www.fair-data-collective.com/zonmw/projectadmin/Treatment
http://www.fair-data-collective.com/zonmw/projectadmin/GOFAIRFoundation
http://www.fair-data-collective.com/zonmw/projectadmin/Population
http://www.fair-data-collective.com/zonmw/projectadmin/OtherSizeOfCollection
http://www.fair-data-collective.com/zonmw/projectadmin/10-100
http://www.fair-data-collective.com/zonmw/projectadmin/Celllines
http://www.fair-data-collective.com/zonmw/projectadmin/LeidenUniversity
http://www.fair-data-collective.com/zonmw/projectadmin/Dataondiseasedurationanddiseaseoutcome
http://www.fair-data-collective.com/zonmw/projectadmin/RadboudUniversityNijmegen
http://www.fair-data-collective.com/zonmw/projectadmin/Generalpractitionercare
http://www.fair-data-collective.com/zonmw/projectadmin/OtherTypeofCollection
http://www.fair-data-collective.com/zonmw/projectadmin/OtherSetting
http://www.fair-data-collective.com/zonmw/projectadmin/Information
http://www.fair-data-collective.com/zonmw/projectadmin/Rarediseasecollection
http://www.fair-data-collective.com/zonmw/projectadmin/Imagecollection
http://www.fair-data-collective.com/zonmw/projectadmin/Elderly-65plus
http://www.fair-data-collective.com/zonmw/projectadmin/NSCR-NetherlandsInstitutefortheStudyofCrimeandLawEnforcement
http://www.fair-data-collective.com/zonmw/projectadmin/RIVM-NationalInstituteforPublicHealthandtheEnvironment
http://www.fair-data-collective.com/zonmw/projectadmin/Saliva
http://www.fair-data-collective.com/zonmw/projectadmin/OtherFocusArea
http://www.fair-data-collective.com/zonmw/projectadmin/SEOEconomischOnderzoek
http://www.fair-data-collective.com/zonmw/projectadmin/AcademicMedicalCenter-AmsterdamUMC
http://www.fair-data-collective.com/zonmw/projectadmin/Mentallychallengedpeople
http://www.fair-data-collective.com/zonmw/projectadmin/Limburg
http://www.fair-data-collective.com/zonmw/projectadmin/Riskanalysisandprognostics
http://www.fair-data-collective.com/zonmw/projectadmin/Service
http://www.fair-data-collective.com/zonmw/projectadmin/BSL-3laboratoriesavailable
http://www.fair-data-collective.com/zonmw/projectadmin/Careandpreventionforvulnerablecitizens
http://www.fair-data-collective.com/zonmw/projectadmin/Birthcohort
http://www.fair-data-collective.com/zonmw/projectadmin/Primarycare
http://www.fair-data-collective.com/zonmw/projectadmin/Children-0-18years
http://www.fair-data-collective.com/zonmw/projectadmin/cDNADivmRNA
http://www.fair-data-collective.com/zonmw/projectadmin/WageningenUniversity-Research
http://www.fair-data-collective.com/zonmw/projectadmin/DNA
http://www.fair-data-collective.com/zonmw/projectadmin/Noord-Holland
http://www.fair-data-collective.com/zonmw/projectadmin/PhysiologicalDivBiochemicalmeasurements
http://www.fair-data-collective.com/zonmw/projectadmin/Cattle
http://www.fair-data-collective.com/zonmw/projectadmin/ReadeResearchBV

--- Undefined SKOS Resources
Description: Finds 'invented' new terms within the SKOS namespace or deprecated properties
Detailed information: https://github.com/cmader/qSKOS/wiki/Quality-Issues#undefined-skos-resources
count: 0


--- Unidirectionally Related Concepts
Description: Concepts not including reciprocal relations
Detailed information: https://github.com/cmader/qSKOS/wiki/Quality-Issues#unidirectionally-related-concepts
count: 0


--- HTTP IRI Scheme Violation
Description: Finds triple subjects that are no HTTP IRIs
Detailed information: https://github.com/cmader/qSKOS/wiki/Quality-Issues#http-uri-scheme-violation
count: 0


--- Relation Clashes
Description: Covers condition S27 from the SKOS reference document (Associative vs. Hierarchical Relation Clashes)
Detailed information: https://github.com/cmader/qSKOS/wiki/Quality-Issues#relation-clashes
count: 0


--- Mapping Clashes
Description: Covers condition S46 from the SKOS reference document (Exact vs. Associative and Hierarchical Mapping Clashes)
Detailed information: https://github.com/cmader/qSKOS/wiki/Quality-Issues#mapping-clashes
count: 0


--- Inconsistent Preferred Labels
Description: Finds resources with more then one prefLabel per language
Detailed information: https://github.com/cmader/qSKOS/wiki/Quality-Issues#inconsistent-preferred-labels
count: 0



--- Disjoint Labels Violation
Description: Finds resources with identical entries for different label types
Detailed information: https://github.com/cmader/qSKOS/wiki/Quality-Issues#disjoint-labels-violation
count: 0


