16:10:36.676  1013 DEBUG fr.sparna.rdf.xls2rdf.app.Convert - Will use output format : text/turtle
16:10:36.680  1017 DEBUG fr.sparna.rdf.xls2rdf.app.Convert - Will use ModelWriter : fr.sparna.rdf.xls2rdf.OutputStreamModelWriter
16:10:38.161  2498 DEBUG f.s.rdf.xls2rdf.Xls2RdfConverter - Processing sheet: controlled-termilogy
16:10:38.168  2505 INFO  f.sparna.rdf.xls2rdf.RdfizableSheet - Found proper property in header : http://www.fair-data-collective.com/zonmw/projectadmin/
16:10:38.169  2506 INFO  f.sparna.rdf.xls2rdf.RdfizableSheet - Found proper property in header : http://purl.org/pav/
16:10:38.170  2507 INFO  f.sparna.rdf.xls2rdf.RdfizableSheet - Found proper property in header : http://purl.org/dc/terms/
16:10:38.172  2509 INFO  f.sparna.rdf.xls2rdf.RdfizableSheet - Found proper property in header : https://orcid.org/0000-0001-6875-5360
16:10:38.175  2512 INFO  f.sparna.rdf.xls2rdf.RdfizableSheet - Found proper property in header : http://www.w3.org/2004/02/skos/core#prefLabel
16:10:38.177  2514 INFO  f.sparna.rdf.xls2rdf.RdfizableSheet - Found proper property in header : http://www.w3.org/2004/02/skos/core#altLabel
16:10:38.178  2515 INFO  f.sparna.rdf.xls2rdf.RdfizableSheet - Found proper property in header : http://www.w3.org/2004/02/skos/core#definition
16:10:38.179  2516 INFO  f.sparna.rdf.xls2rdf.RdfizableSheet - Found proper property in header : http://www.w3.org/2004/02/skos/core#broader
16:10:38.180  2517 INFO  f.sparna.rdf.xls2rdf.RdfizableSheet - Found proper property in header : http://www.w3.org/2004/02/skos/core#exactMatch
16:10:38.181  2518 INFO  f.sparna.rdf.xls2rdf.RdfizableSheet - Found proper property in header : http://purl.org/dc/terms/creator
16:10:38.181  2518 INFO  f.sparna.rdf.xls2rdf.RdfizableSheet - Found proper property in header : http://purl.org/dc/terms/contributor
16:10:38.183  2520 INFO  f.sparna.rdf.xls2rdf.RdfizableSheet - Found proper property in header : http://www.w3.org/2004/02/skos/core#editorialNote
16:10:38.183  2520 INFO  f.sparna.rdf.xls2rdf.RdfizableSheet - Found at least 2 headers with proper property declaration in the first 10 columns, title row is at index 18
16:10:38.184  2521 DEBUG f.s.rdf.xls2rdf.Xls2RdfConverter - Found title row at index 18
16:10:38.185  2522 DEBUG f.s.rdf.xls2rdf.Xls2RdfConverter - Adding value on header object "ZonMW Project Administration Terms" with lang en
16:10:38.187  2524 DEBUG f.s.rdf.xls2rdf.Xls2RdfConverter - Adding value on header object "ZonMW Project Administration Terms" with lang en
16:10:38.188  2525 DEBUG f.s.rdf.xls2rdf.Xls2RdfConverter - Adding value on header object "Controlled vocabulary of terms used in ZonMV COVID project administrative metadata" with lang en
16:10:38.188  2525 DEBUG f.s.rdf.xls2rdf.Xls2RdfConverter - Adding value on header object "https://orcid.org/0000-0001-6875-5360" with lang en
16:10:38.188  2525 DEBUG f.s.rdf.xls2rdf.Xls2RdfConverter - Adding value on header object "1.1.2" with lang en
16:10:38.189  2526 DEBUG f.s.rdf.xls2rdf.Xls2RdfConverter - Adding value on header object "2020-10-30T13:43:00+00:00" with lang en
16:10:38.189  2526 DEBUG f.s.rdf.xls2rdf.Xls2RdfConverter - Adding value on header object "2020-10-30T13:43:00+00:00" with lang en
16:10:38.189  2526 DEBUG f.s.rdf.xls2rdf.Xls2RdfConverter - Converting data with these column headers: 
16:10:38.189  2526 DEBUG f.s.rdf.xls2rdf.Xls2RdfConverter - ColumnHeader [originalValue=Identifier, language=Optional.empty, datatype=Optional.empty, property=null, declaredProperty=Identifier, inverse=false, parameters={}, id=null, reconcileOn=null, headerCell=Identifier]
16:10:38.191  2528 DEBUG f.s.rdf.xls2rdf.Xls2RdfConverter - ColumnHeader [originalValue=skos:prefLabel@en, language=Optional[en], datatype=Optional.empty, property=http://www.w3.org/2004/02/skos/core#prefLabel, declaredProperty=skos:prefLabel, inverse=false, parameters={}, id=null, reconcileOn=null, headerCell=skos:prefLabel@en]
16:10:38.193  2530 DEBUG f.s.rdf.xls2rdf.Xls2RdfConverter - ColumnHeader [originalValue=skos:altLabel(separator=","), language=Optional.empty, datatype=Optional.empty, property=http://www.w3.org/2004/02/skos/core#altLabel, declaredProperty=skos:altLabel, inverse=false, parameters={separator=,}, id=null, reconcileOn=null, headerCell=skos:altLabel(separator=",")]
16:10:38.195  2532 DEBUG f.s.rdf.xls2rdf.Xls2RdfConverter - ColumnHeader [originalValue=skos:definition@en, language=Optional[en], datatype=Optional.empty, property=http://www.w3.org/2004/02/skos/core#definition, declaredProperty=skos:definition, inverse=false, parameters={}, id=null, reconcileOn=null, headerCell=skos:definition@en]
16:10:38.195  2532 DEBUG f.s.rdf.xls2rdf.Xls2RdfConverter - ColumnHeader [originalValue=skos:broader(separator=","), language=Optional.empty, datatype=Optional.empty, property=http://www.w3.org/2004/02/skos/core#broader, declaredProperty=skos:broader, inverse=false, parameters={separator=,}, id=null, reconcileOn=null, headerCell=skos:broader(separator=",")]
16:10:38.195  2532 DEBUG f.s.rdf.xls2rdf.Xls2RdfConverter - ColumnHeader [originalValue=skos:exactMatch(separator=","), language=Optional.empty, datatype=Optional.empty, property=http://www.w3.org/2004/02/skos/core#exactMatch, declaredProperty=skos:exactMatch, inverse=false, parameters={separator=,}, id=null, reconcileOn=null, headerCell=skos:exactMatch(separator=",")]
16:10:38.195  2532 DEBUG f.s.rdf.xls2rdf.Xls2RdfConverter - ColumnHeader [originalValue=dct:creator(separator=","), language=Optional.empty, datatype=Optional.empty, property=http://purl.org/dc/terms/creator, declaredProperty=dct:creator, inverse=false, parameters={separator=,}, id=null, reconcileOn=null, headerCell=dct:creator(separator=",")]
16:10:38.195  2532 DEBUG f.s.rdf.xls2rdf.Xls2RdfConverter - ColumnHeader [originalValue=dct:contributor(separator=","), language=Optional.empty, datatype=Optional.empty, property=http://purl.org/dc/terms/contributor, declaredProperty=dct:contributor, inverse=false, parameters={separator=,}, id=null, reconcileOn=null, headerCell=dct:contributor(separator=",")]
16:10:38.195  2532 DEBUG f.s.rdf.xls2rdf.Xls2RdfConverter - ColumnHeader [originalValue=skos:editorialNote@en, language=Optional[en], datatype=Optional.empty, property=http://www.w3.org/2004/02/skos/core#editorialNote, declaredProperty=skos:editorialNote, inverse=false, parameters={}, id=null, reconcileOn=null, headerCell=skos:editorialNote@en]
16:10:38.195  2532 INFO  f.s.rdf.xls2rdf.Xls2RdfConverter - Converting rows...
16:10:38.272  2609 INFO  f.s.rdf.xls2rdf.Xls2RdfConverter - Row 1000...
16:10:38.273  2610 INFO  f.s.rdf.xls2rdf.Xls2RdfConverter - Applying SKOS post-processings on the result
16:10:38.273  2610 DEBUG f.s.rdf.xls2rdf.SkosPostProcessor - Postprocessing : SkosPostProcessor
16:10:38.274  2611 DEBUG f.s.rdf.xls2rdf.SkosPostProcessor - Considering main resource like a ConceptScheme.
16:10:38.277  2614 DEBUG f.s.rdf.xls2rdf.SkosPostProcessor - Adding inverse skos:broader and skos:narrower
16:10:38.283  2620 DEBUG f.s.rdf.xls2rdf.SkosPostProcessor - Adding skos:inScheme
16:10:38.292  2629 DEBUG f.s.rdf.xls2rdf.SkosPostProcessor - Setting rdf:type skos:ConceptScheme to main resource
16:10:38.292  2629 DEBUG f.s.rdf.xls2rdf.SkosPostProcessor - Adding skos:hasTopConcept / skos:topConceptOf
16:10:38.294  2631 DEBUG f.s.rdf.xls2rdf.Xls2RdfConverter - Saving graph of 1219 statements generated from Sheet controlled-termilogy
16:10:38.326  2663 DEBUG f.sparna.rdf.xls2rdf.RdfizableSheet - RDF-properties : First row is empty.
16:10:38.326  2663 DEBUG f.s.rdf.xls2rdf.Xls2RdfConverter - RDF-properties : Ignoring sheet.
